StringStream: (ab|a)c
(ab|a)c
GroupRegex(0)
    GroupRegex(1)
        OrRegex
        ->
            CharRegex(a)
            CharRegex(b)
            GroupEnd(1)
            CharRegex(c)
            GroupEnd(0)
            EndRegex
        ->
            CharRegex(a)
            GroupEnd(1)
            CharRegex(c)
            GroupEnd(0)
            EndRegex

StringStream: (ab|a)c
abc
StringStream: abc
true
abc
group 0: abc
group 1: ab

StringStream: (ab|a)c
aabc
StringStream: aabc
false

group 0: null
group 1: null

StringStream: (ab|a)c
abcd
StringStream: abcd
false
abc
group 0: null
group 1: null

StringStream: (ab|a)c
abcd
StringStream: abcd
true
abc
group 0: abc
group 1: ab

StringStream: a+$
a+$
GroupRegex(0)
    ClosureRegex(1, MAX)
        CharRegex(a)
    DollarRegex
    GroupEnd(0)
    EndRegex

StringStream: (a|b)+$
a
StringStream: a
true
a
group 0: a
group 1: 

StringStream: (a|b)+$
ab
StringStream: ab
true
ab
group 0: ab
group 1: 

StringStream: (a|b)*$
abb
StringStream: abb
false

group 0: null
group 1: null


StringStream: ab*\0
No such group before '_###_' marker:
 ab*\0_###_

StringStream: [1-3]
2
StringStream: 2
true
2
group 0: 2

StringStream: [1-3]
4
StringStream: 4
false

group 0: null

StringStream: [^1-3]
2
StringStream: 2
false

group 0: null

StringStream: [^1-3]{2,4}
4^
StringStream: 4^
true
4^
group 0: 4^

StringStream: [^1-3a]{2,4}
[^1-3a]{2,4}
GroupRegex(0)
    ClosureRegex(2, 4)
        SetRegex(exclusive, 4)
    GroupEnd(0)
    EndRegex
